-------------------------------------------------------------------------------
Test set: com.practice.springbootservice.SpringBootJenkinsApplicationTest
-------------------------------------------------------------------------------
Tests run: 1, Failures: 1, Errors: 0, Skipped: 0, Time elapsed: 4.273 s <<< FAILURE! - in com.practice.springbootservice.SpringBootJenkinsApplicationTest
contextLoads  Time elapsed: 0.899 s  <<< FAILURE!
org.opentest4j.AssertionFailedError: expected: <true> but was: <false>
	at com.practice.springbootservice.SpringBootJenkinsApplicationTest.contextLoads(SpringBootJenkinsApplicationTest.java:18)

