<?xml version="1.0" encoding="UTF-8"?>
<testsuite xmlns:xsi="http://www.w3.org/2001/XMLSchema-instance" xsi:noNamespaceSchemaLocation="https://maven.apache.org/surefire/maven-surefire-plugin/xsd/surefire-test-report.xsd" name="com.practice.springbootservice.SpringBootJenkinsApplicationTest" time="4.273" tests="1" errors="0" skipped="0" failures="1">
  <properties>
[...]
</properties>
  <testcase name="contextLoads" classname="com.practice.springbootservice.SpringBootJenkinsApplicationTest" time="0.899">
    <failure message="expected: &lt;true&gt; but was: &lt;false&gt;" type="org.opentest4j.AssertionFailedError"><![CDATA[org.opentest4j.AssertionFailedError: expected: <true> but was: <false>
	at com.practice.springbootservice.SpringBootJenkinsApplicationTest.contextLoads(SpringBootJenkinsApplicationTest.java:18)
]]></failure>
    <system-out><![CDATA[11:06:06.351 [main] DEBUG org.springframework.boot.test.context.SpringBootTestContextBootstrapper -- Neither @ContextConfiguration nor @ContextHierarchy found for test class [SpringBootJenkinsApplicationTest]: using SpringBootContextLoader
11:06:06.357 [main] DEBUG org.springframework.test.context.support.AbstractContextLoader -- Could not detect default resource locations for test class [com.practice.springbootservice.SpringBootJenkinsApplicationTest]: no resource found for suffixes {-context.xml, Context.groovy}.
11:06:06.358 [main] INFO org.springframework.test.context.support.AnnotationConfigContextLoaderUtils -- Could not detect default configuration classes for test class [com.practice.springbootservice.SpringBootJenkinsApplicationTest]: SpringBootJenkinsApplicationTest does not declare any static, non-private, non-final, nested classes annotated with @Configuration.
11:06:06.405 [main] DEBUG org.springframework.boot.test.context.SpringBootTestContextBootstrapper -- Using ContextCustomizers for test class [SpringBootJenkinsApplicationTest]: [ExcludeFilterContextCustomizer, DuplicateJsonObjectContextCustomizer, MockitoContextCustomizer, TestRestTemplateContextCustomizer, DisableObservabilityContextCustomizer, PropertyMappingContextCustomizer, Customizer]
11:06:06.499 [main] DEBUG org.springframework.context.annotation.ClassPathScanningCandidateComponentProvider -- Identified candidate component class: file [C:\Users\kumar\Learning\Java\SpringbootFeatures\springboot-service-jenkins\target\classes\com\practice\springbootservice\SpringBootJenkinsApplication.class]
11:06:06.502 [main] INFO org.springframework.boot.test.context.SpringBootTestContextBootstrapper -- Found @SpringBootConfiguration com.practice.springbootservice.SpringBootJenkinsApplication for test class com.practice.springbootservice.SpringBootJenkinsApplicationTest
11:06:06.676 [main] DEBUG org.springframework.test.context.util.TestContextSpringFactoriesUtils -- Skipping candidate TestExecutionListener [org.springframework.test.context.transaction.TransactionalTestExecutionListener] due to a missing dependency. Specify custom TestExecutionListener classes or make the default TestExecutionListener classes and their required dependencies available. Offending class: [org/springframework/transaction/interceptor/TransactionAttributeSource]
11:06:06.679 [main] DEBUG org.springframework.test.context.util.TestContextSpringFactoriesUtils -- Skipping candidate TestExecutionListener [org.springframework.test.context.jdbc.SqlScriptsTestExecutionListener] due to a missing dependency. Specify custom TestExecutionListener classes or make the default TestExecutionListener classes and their required dependencies available. Offending class: [org/springframework/transaction/interceptor/TransactionAttribute]
11:06:06.682 [main] DEBUG org.springframework.boot.test.context.SpringBootTestContextBootstrapper -- Using TestExecutionListeners for test class [SpringBootJenkinsApplicationTest]: [ServletTestExecutionListener, DirtiesContextBeforeModesTestExecutionListener, ApplicationEventsTestExecutionListener, MockitoTestExecutionListener, DependencyInjectionTestExecutionListener, DirtiesContextTestExecutionListener, EventPublishingTestExecutionListener, ResetMocksTestExecutionListener, RestDocsTestExecutionListener, MockRestServiceServerResetTestExecutionListener, MockMvcPrintOnlyOnFailureTestExecutionListener, WebDriverTestExecutionListener, MockWebServiceServerTestExecutionListener]
11:06:06.690 [main] DEBUG org.springframework.test.context.support.AbstractDirtiesContextTestExecutionListener -- Before test class: class [SpringBootJenkinsApplicationTest], class annotated with @DirtiesContext [false] with mode [null]

  .   ____          _            __ _ _
 /\\ / ___'_ __ _ _(_)_ __  __ _ \ \ \ \
( ( )\___ | '_ | '_| | '_ \/ _` | \ \ \ \
 \\/  ___)| |_)| | | | | || (_| |  ) ) ) )
  '  |____| .__|_| |_|_| |_\__, | / / / /
 =========|_|==============|___/=/_/_/_/
 :: Spring Boot ::                (v3.0.5)

2023-04-06T11:06:07.272+05:30  INFO 28792 --- [           main] c.p.s.SpringBootJenkinsApplicationTest   : Starting SpringBootJenkinsApplicationTest using Java 17.0.6 with PID 28792 (started by kumar in C:\Users\kumar\Learning\Java\SpringbootFeatures\springboot-service-jenkins)
2023-04-06T11:06:07.278+05:30  INFO 28792 --- [           main] c.p.s.SpringBootJenkinsApplicationTest   : No active profile set, falling back to 1 default profile: "default"
2023-04-06T11:06:08.534+05:30  INFO 28792 --- [           main] c.p.s.SpringBootJenkinsApplication       : ---- SpringBootJenkinsApplication started ----
2023-04-06T11:06:09.377+05:30  INFO 28792 --- [           main] c.p.s.SpringBootJenkinsApplicationTest   : Started SpringBootJenkinsApplicationTest in 2.585 seconds (process running for 4.535)
2023-04-06T11:06:10.324+05:30  INFO 28792 --- [           main] c.p.s.SpringBootJenkinsApplicationTest   : Test case executing...
]]></system-out>
  </testcase>
</testsuite>